{"contracts/AgentRegistry.sol":{"l":{"69":22,"70":21,"71":21,"77":21,"78":21,"87":3,"88":2,"89":1,"90":1,"91":1,"104":2,"105":1,"106":1,"115":3,"116":2,"117":2,"118":1,"119":1,"123":1,"134":2,"135":1,"139":2,"140":2,"151":23,"152":23,"153":2,"155":21},"path":"/Users/stephensookra/Desktop/Compass/Compass-OG-/contracts/contracts/AgentRegistry.sol","s":{"1":22,"2":21,"3":21,"4":3,"5":2,"6":1,"7":2,"8":1,"9":3,"10":2,"11":2,"12":1,"13":1,"14":2,"15":1,"16":1,"17":2,"18":23,"19":23,"20":21},"b":{"1":[1,21],"2":[1,2],"3":[1,1],"4":[1,1],"5":[1,2],"6":[0,2],"7":[1,1],"8":[1,1],"9":[2,1],"10":[2,21]},"f":{"1":37,"2":22,"3":3,"4":2,"5":3,"6":1,"7":2,"8":2,"9":23},"fnMap":{"1":{"name":"constructor","line":59,"loc":{"start":{"line":59,"column":4},"end":{"line":59,"column":80}}},"2":{"name":"mintAgent","line":63,"loc":{"start":{"line":63,"column":4},"end":{"line":79,"column":4}}},"3":{"name":"updateMetadata","line":81,"loc":{"start":{"line":81,"column":4},"end":{"line":92,"column":4}}},"4":{"name":"authorizeUsage","line":99,"loc":{"start":{"line":99,"column":4},"end":{"line":107,"column":4}}},"5":{"name":"attestEligibility","line":109,"loc":{"start":{"line":109,"column":4},"end":{"line":120,"column":4}}},"6":{"name":"getEncryptedURI","line":122,"loc":{"start":{"line":122,"column":4},"end":{"line":124,"column":4}}},"7":{"name":"verifyAttestation","line":130,"loc":{"start":{"line":130,"column":4},"end":{"line":136,"column":4}}},"8":{"name":"setOracle","line":138,"loc":{"start":{"line":138,"column":4},"end":{"line":141,"column":4}}},"9":{"name":"_update","line":146,"loc":{"start":{"line":146,"column":4},"end":{"line":156,"column":4}}}},"statementMap":{"1":{"start":{"line":69,"column":8},"end":{"line":69,"column":68}},"2":{"start":{"line":77,"column":8},"end":{"line":77,"column":37}},"3":{"start":{"line":78,"column":8},"end":{"line":78,"column":98}},"4":{"start":{"line":87,"column":8},"end":{"line":87,"column":85}},"5":{"start":{"line":88,"column":8},"end":{"line":88,"column":71}},"6":{"start":{"line":91,"column":8},"end":{"line":91,"column":62}},"7":{"start":{"line":104,"column":8},"end":{"line":104,"column":85}},"8":{"start":{"line":106,"column":8},"end":{"line":106,"column":56}},"9":{"start":{"line":115,"column":8},"end":{"line":115,"column":82}},"10":{"start":{"line":116,"column":8},"end":{"line":116,"column":85}},"11":{"start":{"line":117,"column":8},"end":{"line":117,"column":72}},"12":{"start":{"line":119,"column":8},"end":{"line":119,"column":82}},"13":{"start":{"line":123,"column":8},"end":{"line":123,"column":43}},"14":{"start":{"line":134,"column":8},"end":{"line":134,"column":43}},"15":{"start":{"line":134,"column":31},"end":{"line":134,"column":43}},"16":{"start":{"line":135,"column":8},"end":{"line":135,"column":19}},"17":{"start":{"line":140,"column":8},"end":{"line":140,"column":42}},"18":{"start":{"line":151,"column":8},"end":{"line":151,"column":40}},"19":{"start":{"line":152,"column":8},"end":{"line":152,"column":6339}},"20":{"start":{"line":155,"column":8},"end":{"line":155,"column":47}}},"branchMap":{"1":{"line":69,"type":"if","locations":[{"start":{"line":69,"column":8},"end":{"line":69,"column":8}},{"start":{"line":69,"column":8},"end":{"line":69,"column":8}}]},"2":{"line":87,"type":"if","locations":[{"start":{"line":87,"column":8},"end":{"line":87,"column":8}},{"start":{"line":87,"column":8},"end":{"line":87,"column":8}}]},"3":{"line":88,"type":"if","locations":[{"start":{"line":88,"column":8},"end":{"line":88,"column":8}},{"start":{"line":88,"column":8},"end":{"line":88,"column":8}}]},"4":{"line":104,"type":"if","locations":[{"start":{"line":104,"column":8},"end":{"line":104,"column":8}},{"start":{"line":104,"column":8},"end":{"line":104,"column":8}}]},"5":{"line":115,"type":"if","locations":[{"start":{"line":115,"column":8},"end":{"line":115,"column":8}},{"start":{"line":115,"column":8},"end":{"line":115,"column":8}}]},"6":{"line":116,"type":"if","locations":[{"start":{"line":116,"column":8},"end":{"line":116,"column":8}},{"start":{"line":116,"column":8},"end":{"line":116,"column":8}}]},"7":{"line":117,"type":"if","locations":[{"start":{"line":117,"column":8},"end":{"line":117,"column":8}},{"start":{"line":117,"column":8},"end":{"line":117,"column":8}}]},"8":{"line":134,"type":"if","locations":[{"start":{"line":134,"column":8},"end":{"line":134,"column":8}},{"start":{"line":134,"column":8},"end":{"line":134,"column":8}}]},"9":{"line":138,"type":"if","locations":[{"start":{"line":138,"column":61},"end":{"line":138,"column":61}},{"start":{"line":138,"column":61},"end":{"line":138,"column":61}}]},"10":{"line":152,"type":"if","locations":[{"start":{"line":152,"column":8},"end":{"line":152,"column":8}},{"start":{"line":152,"column":8},"end":{"line":152,"column":8}}]}}},"contracts/CompassHub.sol":{"l":{"93":27,"94":26,"95":26,"103":2,"107":7,"128":12,"129":11,"131":10,"132":10,"133":9,"135":8,"136":7,"138":5,"139":5,"140":4,"142":2,"143":2,"162":20,"163":19,"164":1,"166":18,"173":18,"177":5,"178":5,"179":4,"180":3,"181":3,"204":7,"205":6,"206":5,"208":4,"209":4,"210":3,"212":2,"213":2,"214":2,"229":8,"230":6,"231":6,"235":1,"236":1,"237":1},"path":"/Users/stephensookra/Desktop/Compass/Compass-OG-/contracts/contracts/CompassHub.sol","s":{"1":27,"2":2,"3":7,"4":12,"5":11,"6":10,"7":10,"8":9,"9":8,"10":7,"11":5,"12":5,"13":4,"14":2,"15":20,"16":19,"17":18,"18":5,"19":5,"20":4,"21":3,"22":7,"23":6,"24":5,"25":4,"26":4,"27":3,"28":2,"29":2,"30":8,"31":6,"32":1,"33":1},"b":{"1":[1,26],"2":[1,11],"3":[1,10],"4":[1,9],"5":[1,8],"6":[1,7],"7":[2,5],"8":[2,2],"9":[1,19],"10":[1,18],"11":[1,4],"12":[1,3],"13":[1,6],"14":[1,5],"15":[1,4],"16":[1,3],"17":[1,2],"18":[2,6],"19":[0,1]},"f":{"1":27,"2":2,"3":7,"4":12,"5":20,"6":5,"7":7,"8":8,"9":1},"fnMap":{"1":{"name":"constructor","line":92,"loc":{"start":{"line":92,"column":4},"end":{"line":96,"column":4}}},"2":{"name":"hashGrant","line":102,"loc":{"start":{"line":102,"column":4},"end":{"line":104,"column":4}}},"3":{"name":"_hashGrant","line":106,"loc":{"start":{"line":106,"column":4},"end":{"line":121,"column":4}}},"4":{"name":"consumeGrant","line":127,"loc":{"start":{"line":127,"column":4},"end":{"line":150,"column":4}}},"5":{"name":"registerPolicy","line":156,"loc":{"start":{"line":156,"column":4},"end":{"line":174,"column":4}}},"6":{"name":"deactivatePolicy","line":176,"loc":{"start":{"line":176,"column":4},"end":{"line":182,"column":4}}},"7":{"name":"issueReceipt","line":197,"loc":{"start":{"line":197,"column":4},"end":{"line":222,"column":4}}},"8":{"name":"setOracle","line":228,"loc":{"start":{"line":228,"column":4},"end":{"line":232,"column":4}}},"9":{"name":"transferOracleAdmin","line":234,"loc":{"start":{"line":234,"column":4},"end":{"line":238,"column":4}}}},"statementMap":{"1":{"start":{"line":93,"column":8},"end":{"line":93,"column":71}},"2":{"start":{"line":103,"column":8},"end":{"line":103,"column":28}},"3":{"start":{"line":107,"column":8},"end":{"line":107,"column":3997}},"4":{"start":{"line":128,"column":8},"end":{"line":128,"column":82}},"5":{"start":{"line":129,"column":8},"end":{"line":129,"column":86}},"6":{"start":{"line":131,"column":8},"end":{"line":131,"column":51}},"7":{"start":{"line":132,"column":8},"end":{"line":132,"column":73}},"8":{"start":{"line":133,"column":8},"end":{"line":133,"column":56}},"9":{"start":{"line":135,"column":8},"end":{"line":135,"column":77}},"10":{"start":{"line":136,"column":8},"end":{"line":136,"column":57}},"11":{"start":{"line":138,"column":8},"end":{"line":138,"column":61}},"12":{"start":{"line":139,"column":8},"end":{"line":139,"column":64}},"13":{"start":{"line":140,"column":8},"end":{"line":140,"column":81}},"14":{"start":{"line":143,"column":8},"end":{"line":143,"column":5577}},"15":{"start":{"line":162,"column":8},"end":{"line":162,"column":64}},"16":{"start":{"line":163,"column":8},"end":{"line":163,"column":6163}},"17":{"start":{"line":173,"column":8},"end":{"line":173,"column":73}},"18":{"start":{"line":177,"column":8},"end":{"line":177,"column":49}},"19":{"start":{"line":178,"column":8},"end":{"line":178,"column":71}},"20":{"start":{"line":179,"column":8},"end":{"line":179,"column":78}},"21":{"start":{"line":181,"column":8},"end":{"line":181,"column":40}},"22":{"start":{"line":204,"column":8},"end":{"line":204,"column":82}},"23":{"start":{"line":205,"column":8},"end":{"line":205,"column":77}},"24":{"start":{"line":206,"column":8},"end":{"line":206,"column":85}},"25":{"start":{"line":208,"column":8},"end":{"line":208,"column":49}},"26":{"start":{"line":209,"column":8},"end":{"line":209,"column":71}},"27":{"start":{"line":210,"column":8},"end":{"line":210,"column":54}},"28":{"start":{"line":213,"column":8},"end":{"line":213,"column":61}},"29":{"start":{"line":214,"column":8},"end":{"line":214,"column":8474}},"30":{"start":{"line":229,"column":8},"end":{"line":229,"column":72}},"31":{"start":{"line":231,"column":8},"end":{"line":231,"column":42}},"32":{"start":{"line":235,"column":8},"end":{"line":235,"column":72}},"33":{"start":{"line":236,"column":8},"end":{"line":236,"column":54}}},"branchMap":{"1":{"line":93,"type":"if","locations":[{"start":{"line":93,"column":8},"end":{"line":93,"column":8}},{"start":{"line":93,"column":8},"end":{"line":93,"column":8}}]},"2":{"line":128,"type":"if","locations":[{"start":{"line":128,"column":8},"end":{"line":128,"column":8}},{"start":{"line":128,"column":8},"end":{"line":128,"column":8}}]},"3":{"line":129,"type":"if","locations":[{"start":{"line":129,"column":8},"end":{"line":129,"column":8}},{"start":{"line":129,"column":8},"end":{"line":129,"column":8}}]},"4":{"line":132,"type":"if","locations":[{"start":{"line":132,"column":8},"end":{"line":132,"column":8}},{"start":{"line":132,"column":8},"end":{"line":132,"column":8}}]},"5":{"line":133,"type":"if","locations":[{"start":{"line":133,"column":8},"end":{"line":133,"column":8}},{"start":{"line":133,"column":8},"end":{"line":133,"column":8}}]},"6":{"line":135,"type":"if","locations":[{"start":{"line":135,"column":8},"end":{"line":135,"column":8}},{"start":{"line":135,"column":8},"end":{"line":135,"column":8}}]},"7":{"line":136,"type":"if","locations":[{"start":{"line":136,"column":8},"end":{"line":136,"column":8}},{"start":{"line":136,"column":8},"end":{"line":136,"column":8}}]},"8":{"line":140,"type":"if","locations":[{"start":{"line":140,"column":8},"end":{"line":140,"column":8}},{"start":{"line":140,"column":8},"end":{"line":140,"column":8}}]},"9":{"line":162,"type":"if","locations":[{"start":{"line":162,"column":8},"end":{"line":162,"column":8}},{"start":{"line":162,"column":8},"end":{"line":162,"column":8}}]},"10":{"line":163,"type":"if","locations":[{"start":{"line":163,"column":8},"end":{"line":163,"column":8}},{"start":{"line":163,"column":8},"end":{"line":163,"column":8}}]},"11":{"line":178,"type":"if","locations":[{"start":{"line":178,"column":8},"end":{"line":178,"column":8}},{"start":{"line":178,"column":8},"end":{"line":178,"column":8}}]},"12":{"line":179,"type":"if","locations":[{"start":{"line":179,"column":8},"end":{"line":179,"column":8}},{"start":{"line":179,"column":8},"end":{"line":179,"column":8}}]},"13":{"line":204,"type":"if","locations":[{"start":{"line":204,"column":8},"end":{"line":204,"column":8}},{"start":{"line":204,"column":8},"end":{"line":204,"column":8}}]},"14":{"line":205,"type":"if","locations":[{"start":{"line":205,"column":8},"end":{"line":205,"column":8}},{"start":{"line":205,"column":8},"end":{"line":205,"column":8}}]},"15":{"line":206,"type":"if","locations":[{"start":{"line":206,"column":8},"end":{"line":206,"column":8}},{"start":{"line":206,"column":8},"end":{"line":206,"column":8}}]},"16":{"line":209,"type":"if","locations":[{"start":{"line":209,"column":8},"end":{"line":209,"column":8}},{"start":{"line":209,"column":8},"end":{"line":209,"column":8}}]},"17":{"line":210,"type":"if","locations":[{"start":{"line":210,"column":8},"end":{"line":210,"column":8}},{"start":{"line":210,"column":8},"end":{"line":210,"column":8}}]},"18":{"line":229,"type":"if","locations":[{"start":{"line":229,"column":8},"end":{"line":229,"column":8}},{"start":{"line":229,"column":8},"end":{"line":229,"column":8}}]},"19":{"line":235,"type":"if","locations":[{"start":{"line":235,"column":8},"end":{"line":235,"column":8}},{"start":{"line":235,"column":8},"end":{"line":235,"column":8}}]}}}}